This is pdfTeX, Version 3.141592653-2.6-1.40.22 (MiKTeX 21.6) (preloaded format=pdflatex 2021.9.25)  25 SEP 2021 16:25
entering extended mode
**./shock_wave_propagation.tex
(shock_wave_propagation.tex
LaTeX2e <2021-06-01>
L3 programming layer <2021-06-01>
(C:\Users\amirb\AppData\Local\Programs\MiKTeX\tex/latex/base\article.cls
Document Class: article 2021/02/12 v1.4n Standard LaTeX document class
(C:\Users\amirb\AppData\Local\Programs\MiKTeX\tex/latex/base\size10.clo
File: size10.clo 2021/02/12 v1.4n Standard LaTeX file (size option)
)
\c@part=\count182
\c@section=\count183
\c@subsection=\count184
\c@subsubsection=\count185
\c@paragraph=\count186
\c@subparagraph=\count187
\c@figure=\count188
\c@table=\count189
\abovecaptionskip=\skip47
\belowcaptionskip=\skip48
\bibindent=\dimen138
)
(C:\Users\amirb\AppData\Local\Programs\MiKTeX\tex/latex/base\inputenc.sty
Package: inputenc 2021/02/14 v1.3d Input encoding file
\inpenc@prehook=\toks16
\inpenc@posthook=\toks17
)
(C:\Users\amirb\AppData\Local\Programs\MiKTeX\tex/latex/graphics\graphicx.sty
Package: graphicx 2020/12/05 v1.2c Enhanced LaTeX Graphics (DPC,SPQR)

(C:\Users\amirb\AppData\Local\Programs\MiKTeX\tex/latex/graphics\keyval.sty
Package: keyval 2014/10/28 v1.15 key=value parser (DPC)
\KV@toks@=\toks18
)
(C:\Users\amirb\AppData\Local\Programs\MiKTeX\tex/latex/graphics\graphics.sty
Package: graphics 2021/03/04 v1.4d Standard LaTeX Graphics (DPC,SPQR)

(C:\Users\amirb\AppData\Local\Programs\MiKTeX\tex/latex/graphics\trig.sty
Package: trig 2016/01/03 v1.10 sin cos tan (DPC)
)
(C:\Users\amirb\AppData\Local\Programs\MiKTeX\tex/latex/graphics-cfg\graphics.c
fg
File: graphics.cfg 2016/06/04 v1.11 sample graphics configuration
)
Package graphics Info: Driver file: pdftex.def on input line 107.

(C:\Users\amirb\AppData\Local\Programs\MiKTeX\tex/latex/graphics-def\pdftex.def
File: pdftex.def 2020/10/05 v1.2a Graphics/color driver for pdftex
))
\Gin@req@height=\dimen139
\Gin@req@width=\dimen140
) (C:\Users\amirb\AppData\Local\Programs\MiKTeX\tex/latex/amsmath\amsmath.sty
Package: amsmath 2021/04/20 v2.17j AMS math features
\@mathmargin=\skip49
For additional information on amsmath, use the `?' option.
(C:\Users\amirb\AppData\Local\Programs\MiKTeX\tex/latex/amsmath\amstext.sty
Package: amstext 2000/06/29 v2.01 AMS text

(C:\Users\amirb\AppData\Local\Programs\MiKTeX\tex/latex/amsmath\amsgen.sty
File: amsgen.sty 1999/11/30 v2.0 generic functions
\@emptytoks=\toks19
\ex@=\dimen141
))
(C:\Users\amirb\AppData\Local\Programs\MiKTeX\tex/latex/amsmath\amsbsy.sty
Package: amsbsy 1999/11/29 v1.2d Bold Symbols
\pmbraise@=\dimen142
)
(C:\Users\amirb\AppData\Local\Programs\MiKTeX\tex/latex/amsmath\amsopn.sty
Package: amsopn 2016/03/08 v2.02 operator names
)
\inf@bad=\count190
LaTeX Info: Redefining \frac on input line 234.
\uproot@=\count191
\leftroot@=\count192
LaTeX Info: Redefining \overline on input line 399.
\classnum@=\count193
\DOTSCASE@=\count194
LaTeX Info: Redefining \ldots on input line 496.
LaTeX Info: Redefining \dots on input line 499.
LaTeX Info: Redefining \cdots on input line 620.
\Mathstrutbox@=\box50
\strutbox@=\box51
\big@size=\dimen143
LaTeX Font Info:    Redeclaring font encoding OML on input line 743.
LaTeX Font Info:    Redeclaring font encoding OMS on input line 744.
\macc@depth=\count195
\c@MaxMatrixCols=\count196
\dotsspace@=\muskip16
\c@parentequation=\count197
\dspbrk@lvl=\count198
\tag@help=\toks20
\row@=\count199
\column@=\count266
\maxfields@=\count267
\andhelp@=\toks21
\eqnshift@=\dimen144
\alignsep@=\dimen145
\tagshift@=\dimen146
\tagwidth@=\dimen147
\totwidth@=\dimen148
\lineht@=\dimen149
\@envbody=\toks22
\multlinegap=\skip50
\multlinetaggap=\skip51
\mathdisplay@stack=\toks23
LaTeX Info: Redefining \[ on input line 2923.
LaTeX Info: Redefining \] on input line 2924.
)
(C:\Users\amirb\AppData\Local\Programs\MiKTeX\tex/latex/amsfonts\amssymb.sty
Package: amssymb 2013/01/14 v3.01 AMS font symbols

(C:\Users\amirb\AppData\Local\Programs\MiKTeX\tex/latex/amsfonts\amsfonts.sty
Package: amsfonts 2013/01/14 v3.01 Basic AMSFonts support
\symAMSa=\mathgroup4
\symAMSb=\mathgroup5
LaTeX Font Info:    Redeclaring math symbol \hbar on input line 98.
LaTeX Font Info:    Overwriting math alphabet `\mathfrak' in version `bold'
(Font)                  U/euf/m/n --> U/euf/b/n on input line 106.
)) (C:\Users\amirb\AppData\Local\Programs\MiKTeX\tex/latex/caption\subcaption.s
ty
Package: subcaption 2020/10/07 v1.3j Sub-captions (AR)
(C:\Users\amirb\AppData\Local\Programs\MiKTeX\tex/latex/caption\caption.sty
Package: caption 2020/10/26 v3.5g Customizing captions (AR)

(C:\Users\amirb\AppData\Local\Programs\MiKTeX\tex/latex/caption\caption3.sty
Package: caption3 2020/10/21 v2.2e caption3 kernel (AR)
\captionmargin=\dimen150
\captionmargin@=\dimen151
\captionwidth=\dimen152
\caption@tempdima=\dimen153
\caption@indent=\dimen154
\caption@parindent=\dimen155
\caption@hangindent=\dimen156
Package caption Info: Standard document class detected.
)
\c@caption@flags=\count268
\c@continuedfloat=\count269
)
\c@subfigure=\count270
\c@subtable=\count271
) (C:\Users\amirb\AppData\Local\Programs\MiKTeX\tex/latex/float\float.sty
Package: float 2001/11/08 v1.3d Float enhancements (AL)
\c@float@type=\count272
\float@exts=\toks24
\float@box=\box52
\@float@everytoks=\toks25
\@floatcapt=\box53
)
(C:\Users\amirb\AppData\Local\Programs\MiKTeX\tex/latex/mathtools\mathtools.sty
Package: mathtools 2021/04/12 v1.27 mathematical typesetting tools
(C:\Users\amirb\AppData\Local\Programs\MiKTeX\tex/latex/tools\calc.sty
Package: calc 2017/05/25 v4.3 Infix arithmetic (KKT,FJ)
\calc@Acount=\count273
\calc@Bcount=\count274
\calc@Adimen=\dimen157
\calc@Bdimen=\dimen158
\calc@Askip=\skip52
\calc@Bskip=\skip53
LaTeX Info: Redefining \setlength on input line 80.
LaTeX Info: Redefining \addtolength on input line 81.
\calc@Ccount=\count275
\calc@Cskip=\skip54
)
(C:\Users\amirb\AppData\Local\Programs\MiKTeX\tex/latex/mathtools\mhsetup.sty
Package: mhsetup 2021/03/18 v1.4 programming setup (MH)
)
LaTeX Info: Thecontrolsequence`\('isalreadyrobust on input line 130.
LaTeX Info: Thecontrolsequence`\)'isalreadyrobust on input line 130.
LaTeX Info: Thecontrolsequence`\['isalreadyrobust on input line 130.
LaTeX Info: Thecontrolsequence`\]'isalreadyrobust on input line 130.
\g_MT_multlinerow_int=\count276
\l_MT_multwidth_dim=\dimen159
\origjot=\skip55
\l_MT_shortvdotswithinadjustabove_dim=\dimen160
\l_MT_shortvdotswithinadjustbelow_dim=\dimen161
\l_MT_above_intertext_sep=\dimen162
\l_MT_below_intertext_sep=\dimen163
\l_MT_above_shortintertext_sep=\dimen164
\l_MT_below_shortintertext_sep=\dimen165
\xmathstrut@box=\box54
\xmathstrut@dim=\dimen166
) (C:\Users\amirb\AppData\Local\Programs\MiKTeX\tex/latex/cleveref\cleveref.sty
Package: cleveref 2018/03/27 v0.21.4 Intelligent cross-referencing
)
(C:\Users\amirb\AppData\Local\Programs\MiKTeX\tex/latex/l3backend\l3backend-pdf
tex.def
File: l3backend-pdftex.def 2021-05-07 L3 backend support: PDF output (pdfTeX)
\l__color_backend_stack_int=\count277
\l__pdf_internal_box=\box55
) (shock_wave_propagation.aux)
\openout1 = `shock_wave_propagation.aux'.

LaTeX Font Info:    Checking defaults for OML/cmm/m/it on input line 23.
LaTeX Font Info:    ... okay on input line 23.
LaTeX Font Info:    Checking defaults for OMS/cmsy/m/n on input line 23.
LaTeX Font Info:    ... okay on input line 23.
LaTeX Font Info:    Checking defaults for OT1/cmr/m/n on input line 23.
LaTeX Font Info:    ... okay on input line 23.
LaTeX Font Info:    Checking defaults for T1/cmr/m/n on input line 23.
LaTeX Font Info:    ... okay on input line 23.
LaTeX Font Info:    Checking defaults for TS1/cmr/m/n on input line 23.
LaTeX Font Info:    ... okay on input line 23.
LaTeX Font Info:    Checking defaults for OMX/cmex/m/n on input line 23.
LaTeX Font Info:    ... okay on input line 23.
LaTeX Font Info:    Checking defaults for U/cmr/m/n on input line 23.
LaTeX Font Info:    ... okay on input line 23.

(C:\Users\amirb\AppData\Local\Programs\MiKTeX\tex/context/base/mkii\supp-pdf.mk
ii
[Loading MPS to PDF converter (version 2006.09.02).]
\scratchcounter=\count278
\scratchdimen=\dimen167
\scratchbox=\box56
\nofMPsegments=\count279
\nofMParguments=\count280
\everyMPshowfont=\toks26
\MPscratchCnt=\count281
\MPscratchDim=\dimen168
\MPnumerator=\count282
\makeMPintoPDFobject=\count283
\everyMPtoPDFconversion=\toks27
)
(C:\Users\amirb\AppData\Local\Programs\MiKTeX\tex/latex/epstopdf-pkg\epstopdf-b
ase.sty
Package: epstopdf-base 2020-01-24 v2.11 Base part for package epstopdf
Package epstopdf-base Info: Redefining graphics rule for `.eps' on input line 4
85.

(C:\Users\amirb\AppData\Local\Programs\MiKTeX\tex/latex/00miktex\epstopdf-sys.c
fg
File: epstopdf-sys.cfg 2021/03/18 v2.0 Configuration of epstopdf for MiKTeX
))
Package caption Info: Begin \AtBeginDocument code.
Package caption Info: float package is loaded.
Package caption Info: End \AtBeginDocument code.
LaTeX Font Info:    Trying to load font information for U+msa on input line 25.

 (C:\Users\amirb\AppData\Local\Programs\MiKTeX\tex/latex/amsfonts\umsa.fd
File: umsa.fd 2013/01/14 v3.01 AMS symbols A
)
LaTeX Font Info:    Trying to load font information for U+msb on input line 25.


(C:\Users\amirb\AppData\Local\Programs\MiKTeX\tex/latex/amsfonts\umsb.fd
File: umsb.fd 2013/01/14 v3.01 AMS symbols B
)

LaTeX Warning: Citation `Verruijt2010' on page 1 undefined on input line 27.


Underfull \hbox (badness 10000) in paragraph at lines 57--58

 []


LaTeX Warning: Reference `fig:u_0_c_p' on page 1 undefined on input line 66.


LaTeX Warning: Reference `eq:consts' on page 1 undefined on input line 66.


LaTeX Warning: Reference `fig:u_0_c_1' on page 1 undefined on input line 66.

Package epstopdf Info: Source file: <figures/u_0_c_p.eps>
(epstopdf)                    date: 2021-06-06 22:02:47
(epstopdf)                    size: 107012 bytes
(epstopdf)             Output file: <figures/u_0_c_p-eps-converted-to.pdf>
(epstopdf)                    date: 2021-09-25 16:25:34
(epstopdf)                    size: 22953 bytes
(epstopdf)             Command: <miktex-epstopdf --outfile=figures/u_0_c_p-eps-
converted-to.pdf figures/u_0_c_p.eps>
(epstopdf)             \includegraphics on input line 71.
Package epstopdf Info: Output file is already uptodate.


pdfTeX warning: miktex-pdftex.exe (file ./figures/u_0_c_p-eps-converted-to.pdf)
: PDF inclusion: found PDF version <1.7>, but at most version <1.5> allowed
<figures/u_0_c_p-eps-converted-to.pdf, id=1, 557.08125pt x 557.08125pt>
File: figures/u_0_c_p-eps-converted-to.pdf Graphic file (type pdf)
<use figures/u_0_c_p-eps-converted-to.pdf>
Package pdftex.def Info: figures/u_0_c_p-eps-converted-to.pdf  used on input li
ne 71.
(pdftex.def)             Requested size: 169.0519pt x 169.04674pt.
Package epstopdf Info: Source file: <figures/u_0_c_1.eps>
(epstopdf)                    date: 2021-06-06 22:03:01
(epstopdf)                    size: 103142 bytes
(epstopdf)             Output file: <figures/u_0_c_1-eps-converted-to.pdf>
(epstopdf)                    date: 2021-09-25 16:25:36
(epstopdf)                    size: 21071 bytes
(epstopdf)             Command: <miktex-epstopdf --outfile=figures/u_0_c_1-eps-
converted-to.pdf figures/u_0_c_1.eps>
(epstopdf)             \includegraphics on input line 76.
Package epstopdf Info: Output file is already uptodate.


pdfTeX warning: miktex-pdftex.exe (file ./figures/u_0_c_1-eps-converted-to.pdf)
: PDF inclusion: found PDF version <1.7>, but at most version <1.5> allowed
<figures/u_0_c_1-eps-converted-to.pdf, id=2, 557.08125pt x 557.08125pt>
File: figures/u_0_c_1-eps-converted-to.pdf Graphic file (type pdf)
<use figures/u_0_c_1-eps-converted-to.pdf>
Package pdftex.def Info: figures/u_0_c_1-eps-converted-to.pdf  used on input li
ne 76.
(pdftex.def)             Requested size: 169.0519pt x 169.04674pt.
[1

{C:/Users/amirb/AppData/Local/MiKTeX/pdftex/config/pdftex.map}]

LaTeX Warning: Reference `eq:consts' on page 1 undefined on input line 84.


LaTeX Warning: Reference `fig:u_0_c' on page 1 undefined on input line 84.


LaTeX Warning: Reference `fig:u_0_c' on page 1 undefined on input line 84.


LaTeX Warning: Reference `tab:period' on page 1 undefined on input line 84.


LaTeX Warning: Reference `fig:u_0_c' on page 1 undefined on input line 94.


LaTeX Warning: Reference `fig:u_0_c' on page 1 undefined on input line 94.


LaTeX Warning: Reference `tab:period' on page 1 undefined on input line 98.


LaTeX Warning: Reference `eq:sigma_r' on page 1 undefined on input line 101.


LaTeX Warning: No positions in optional float specifier.
               Default added (so using `!tbp') on input line 108.

Package epstopdf Info: Source file: <figures/v0.eps>
(epstopdf)                    date: 2021-06-04 22:57:43
(epstopdf)                    size: 57485 bytes
(epstopdf)             Output file: <figures/v0-eps-converted-to.pdf>
(epstopdf)             Command: <miktex-epstopdf --outfile=figures/v0-eps-conve
rted-to.pdf figures/v0.eps>
(epstopdf)             \includegraphics on input line 111.
runsystem(miktex-epstopdf --outfile=figures/v0-eps-converted-to.pdf figures/v0.
eps)...executed (allowed).

Package epstopdf Info: Result file: <figures/v0-eps-converted-to.pdf>
(epstopdf)                    date: 2021-09-25 16:26:02
(epstopdf)                    size: 29376 bytes.


pdfTeX warning: miktex-pdftex.exe (file ./figures/v0-eps-converted-to.pdf): PDF
 inclusion: found PDF version <1.7>, but at most version <1.5> allowed
<figures/v0-eps-converted-to.pdf, id=18, 544.0325pt x 355.3275pt>
File: figures/v0-eps-converted-to.pdf Graphic file (type pdf)
<use figures/v0-eps-converted-to.pdf>
Package pdftex.def Info: figures/v0-eps-converted-to.pdf  used on input line 11
1.
(pdftex.def)             Requested size: 220.79979pt x 144.21588pt.
Package epstopdf Info: Source file: <figures/v0_25.eps>
(epstopdf)                    date: 2021-06-04 22:57:43
(epstopdf)                    size: 57476 bytes
(epstopdf)             Output file: <figures/v0_25-eps-converted-to.pdf>
(epstopdf)             Command: <miktex-epstopdf --outfile=figures/v0_25-eps-co
nverted-to.pdf figures/v0_25.eps>
(epstopdf)             \includegraphics on input line 117.
runsystem(miktex-epstopdf --outfile=figures/v0_25-eps-converted-to.pdf figures/
v0_25.eps)...executed (allowed).

Package epstopdf Info: Result file: <figures/v0_25-eps-converted-to.pdf>
(epstopdf)                    date: 2021-09-25 16:26:03
(epstopdf)                    size: 29443 bytes.


pdfTeX warning: miktex-pdftex.exe (file ./figures/v0_25-eps-converted-to.pdf): 
PDF inclusion: found PDF version <1.7>, but at most version <1.5> allowed
<figures/v0_25-eps-converted-to.pdf, id=19, 544.0325pt x 355.3275pt>
File: figures/v0_25-eps-converted-to.pdf Graphic file (type pdf)
<use figures/v0_25-eps-converted-to.pdf>
Package pdftex.def Info: figures/v0_25-eps-converted-to.pdf  used on input line
 117.
(pdftex.def)             Requested size: 220.79979pt x 144.21588pt.
Package epstopdf Info: Source file: <figures/v0_45.eps>
(epstopdf)                    date: 2021-06-04 22:57:44
(epstopdf)                    size: 57452 bytes
(epstopdf)             Output file: <figures/v0_45-eps-converted-to.pdf>
(epstopdf)             Command: <miktex-epstopdf --outfile=figures/v0_45-eps-co
nverted-to.pdf figures/v0_45.eps>
(epstopdf)             \includegraphics on input line 123.
runsystem(miktex-epstopdf --outfile=figures/v0_45-eps-converted-to.pdf figures/
v0_45.eps)...executed (allowed).

Package epstopdf Info: Result file: <figures/v0_45-eps-converted-to.pdf>
(epstopdf)                    date: 2021-09-25 16:26:05
(epstopdf)                    size: 29851 bytes.


pdfTeX warning: miktex-pdftex.exe (file ./figures/v0_45-eps-converted-to.pdf): 
PDF inclusion: found PDF version <1.7>, but at most version <1.5> allowed
<figures/v0_45-eps-converted-to.pdf, id=20, 544.0325pt x 355.3275pt>
File: figures/v0_45-eps-converted-to.pdf Graphic file (type pdf)
<use figures/v0_45-eps-converted-to.pdf>
Package pdftex.def Info: figures/v0_45-eps-converted-to.pdf  used on input line
 123.
(pdftex.def)             Requested size: 220.79979pt x 144.21588pt.

LaTeX Warning: Reference `eq:consts' on page 1 undefined on input line 131.


LaTeX Warning: Reference `fig:7.4' on page 1 undefined on input line 131.


Underfull \hbox (badness 10000) in paragraph at lines 131--132

 []

[2 <./figures/u_0_c_p-eps-converted-to.pdf> <./figures/u_0_c_1-eps-converted-to
.pdf>] [3 <./figures/v0-eps-converted-to.pdf> <./figures/v0_25-eps-converted-to
.pdf> <./figures/v0_45-eps-converted-to.pdf>]

LaTeX Warning: Reference `fig:7.4_v_t_plot' on page 1 undefined on input line 1
33.


Underfull \hbox (badness 10000) in paragraph at lines 133--134

 []


LaTeX Warning: Reference `fig:7.4' on page 1 undefined on input line 135.


LaTeX Warning: Reference `eq:sigma_r' on page 1 undefined on input line 135.


LaTeX Warning: Reference `fig:7.4_r_t_plot' on page 1 undefined on input line 1
35.


LaTeX Warning: Reference `fig:7.4_r_t_plot' on page 1 undefined on input line 1
35.


Underfull \hbox (badness 10000) in paragraph at lines 135--136

 []

Package epstopdf Info: Source file: <figures/v_t_plot.eps>
(epstopdf)                    date: 2021-06-01 18:05:52
(epstopdf)                    size: 39312 bytes
(epstopdf)             Output file: <figures/v_t_plot-eps-converted-to.pdf>
(epstopdf)             Command: <miktex-epstopdf --outfile=figures/v_t_plot-eps
-converted-to.pdf figures/v_t_plot.eps>
(epstopdf)             \includegraphics on input line 139.
runsystem(miktex-epstopdf --outfile=figures/v_t_plot-eps-converted-to.pdf figur
es/v_t_plot.eps)...executed (allowed).

Package epstopdf Info: Result file: <figures/v_t_plot-eps-converted-to.pdf>
(epstopdf)                    date: 2021-09-25 16:26:06
(epstopdf)                    size: 22433 bytes.


pdfTeX warning: miktex-pdftex.exe (file ./figures/v_t_plot-eps-converted-to.pdf
): PDF inclusion: found PDF version <1.7>, but at most version <1.5> allowed
<figures/v_t_plot-eps-converted-to.pdf, id=43, 538.01pt x 353.32pt>
File: figures/v_t_plot-eps-converted-to.pdf Graphic file (type pdf)
<use figures/v_t_plot-eps-converted-to.pdf>
Package pdftex.def Info: figures/v_t_plot-eps-converted-to.pdf  used on input l
ine 139.
(pdftex.def)             Requested size: 220.79979pt x 145.0023pt.
Package epstopdf Info: Source file: <figures/r_t_plot.eps>
(epstopdf)                    date: 2021-06-01 18:06:01
(epstopdf)                    size: 40123 bytes
(epstopdf)             Output file: <figures/r_t_plot-eps-converted-to.pdf>
(epstopdf)             Command: <miktex-epstopdf --outfile=figures/r_t_plot-eps
-converted-to.pdf figures/r_t_plot.eps>
(epstopdf)             \includegraphics on input line 146.
runsystem(miktex-epstopdf --outfile=figures/r_t_plot-eps-converted-to.pdf figur
es/r_t_plot.eps)...executed (allowed).

Package epstopdf Info: Result file: <figures/r_t_plot-eps-converted-to.pdf>
(epstopdf)                    date: 2021-09-25 16:26:07
(epstopdf)                    size: 18767 bytes.


pdfTeX warning: miktex-pdftex.exe (file ./figures/r_t_plot-eps-converted-to.pdf
): PDF inclusion: found PDF version <1.7>, but at most version <1.5> allowed
<figures/r_t_plot-eps-converted-to.pdf, id=44, 541.02126pt x 355.3275pt>
File: figures/r_t_plot-eps-converted-to.pdf Graphic file (type pdf)
<use figures/r_t_plot-eps-converted-to.pdf>
Package pdftex.def Info: figures/r_t_plot-eps-converted-to.pdf  used on input l
ine 146.
(pdftex.def)             Requested size: 220.79979pt x 145.0129pt.
[4 <./figures/v_t_plot-eps-converted-to.pdf>]

LaTeX Warning: Reference `eq:sigma_r' on page 1 undefined on input line 153.


LaTeX Warning: Reference `fig:7.5' on page 1 undefined on input line 153.

Package epstopdf Info: Source file: <figures/large_r.eps>
(epstopdf)                    date: 2021-06-01 17:17:23
(epstopdf)                    size: 98706 bytes
(epstopdf)             Output file: <figures/large_r-eps-converted-to.pdf>
(epstopdf)             Command: <miktex-epstopdf --outfile=figures/large_r-eps-
converted-to.pdf figures/large_r.eps>
(epstopdf)             \includegraphics on input line 161.
runsystem(miktex-epstopdf --outfile=figures/large_r-eps-converted-to.pdf figure
s/large_r.eps)...executed (allowed).

Package epstopdf Info: Result file: <figures/large_r-eps-converted-to.pdf>
(epstopdf)                    date: 2021-09-25 16:26:09
(epstopdf)                    size: 34695 bytes.


pdfTeX warning: miktex-pdftex.exe (file ./figures/large_r-eps-converted-to.pdf)
: PDF inclusion: found PDF version <1.7>, but at most version <1.5> allowed
<figures/large_r-eps-converted-to.pdf, id=50, 544.0325pt x 349.305pt>
File: figures/large_r-eps-converted-to.pdf Graphic file (type pdf)
<use figures/large_r-eps-converted-to.pdf>
Package pdftex.def Info: figures/large_r-eps-converted-to.pdf  used on input li
ne 161.
(pdftex.def)             Requested size: 220.79979pt x 141.77155pt.
[5 <./figures/r_t_plot-eps-converted-to.pdf> <./figures/large_r-eps-converted-t
o.pdf>]
No file shock_wave_propagation.bbl.
(shock_wave_propagation.aux)

LaTeX Warning: There were undefined references.


LaTeX Warning: Label(s) may have changed. Rerun to get cross-references right.

 ) 
Here is how much of TeX's memory you used:
 6121 strings out of 478864
 110248 string characters out of 2848660
 437463 words of memory out of 3000000
 23999 multiletter control sequences out of 15000+600000
 412531 words of font info for 63 fonts, out of 8000000 for 9000
 1141 hyphenation exceptions out of 8191
 67i,11n,77p,861b,533s stack positions out of 5000i,500n,10000p,200000b,80000s
<C:/Users/amirb/AppData/Local/Programs/MiKTeX/fonts/type1/public/amsfonts/cm/
cmbx10.pfb><C:/Users/amirb/AppData/Local/Programs/MiKTeX/fonts/type1/public/ams
fonts/cm/cmbx12.pfb><C:/Users/amirb/AppData/Local/Programs/MiKTeX/fonts/type1/p
ublic/amsfonts/cm/cmex10.pfb><C:/Users/amirb/AppData/Local/Programs/MiKTeX/font
s/type1/public/amsfonts/cm/cmmi10.pfb><C:/Users/amirb/AppData/Local/Programs/Mi
KTeX/fonts/type1/public/amsfonts/cm/cmmi5.pfb><C:/Users/amirb/AppData/Local/Pro
grams/MiKTeX/fonts/type1/public/amsfonts/cm/cmmi6.pfb><C:/Users/amirb/AppData/L
ocal/Programs/MiKTeX/fonts/type1/public/amsfonts/cm/cmmi7.pfb><C:/Users/amirb/A
ppData/Local/Programs/MiKTeX/fonts/type1/public/amsfonts/cm/cmmi9.pfb><C:/Users
/amirb/AppData/Local/Programs/MiKTeX/fonts/type1/public/amsfonts/cm/cmr10.pfb><
C:/Users/amirb/AppData/Local/Programs/MiKTeX/fonts/type1/public/amsfonts/cm/cmr
12.pfb><C:/Users/amirb/AppData/Local/Programs/MiKTeX/fonts/type1/public/amsfont
s/cm/cmr17.pfb><C:/Users/amirb/AppData/Local/Programs/MiKTeX/fonts/type1/public
/amsfonts/cm/cmr5.pfb><C:/Users/amirb/AppData/Local/Programs/MiKTeX/fonts/type1
/public/amsfonts/cm/cmr6.pfb><C:/Users/amirb/AppData/Local/Programs/MiKTeX/font
s/type1/public/amsfonts/cm/cmr7.pfb><C:/Users/amirb/AppData/Local/Programs/MiKT
eX/fonts/type1/public/amsfonts/cm/cmr9.pfb><C:/Users/amirb/AppData/Local/Progra
ms/MiKTeX/fonts/type1/public/amsfonts/cm/cmsy10.pfb><C:/Users/amirb/AppData/Loc
al/Programs/MiKTeX/fonts/type1/public/amsfonts/cm/cmsy7.pfb>
Output written on shock_wave_propagation.pdf (5 pages, 391684 bytes).
PDF statistics:
 127 PDF objects out of 1000 (max. 8388607)
 0 named destinations out of 1000 (max. 500000)
 41 words of extra memory for PDF output out of 10000 (max. 10000000)

